#! /opt/homebrew/Cellar/icarus-verilog/11.0/bin/vvp
:ivl_version "11.0 (stable)";
:ivl_delay_selection "TYPICAL";
:vpi_time_precision + 0;
:vpi_module "/opt/homebrew/Cellar/icarus-verilog/11.0/lib/ivl/system.vpi";
:vpi_module "/opt/homebrew/Cellar/icarus-verilog/11.0/lib/ivl/vhdl_sys.vpi";
:vpi_module "/opt/homebrew/Cellar/icarus-verilog/11.0/lib/ivl/vhdl_textio.vpi";
:vpi_module "/opt/homebrew/Cellar/icarus-verilog/11.0/lib/ivl/v2005_math.vpi";
:vpi_module "/opt/homebrew/Cellar/icarus-verilog/11.0/lib/ivl/va_math.vpi";
:vpi_module "/opt/homebrew/Cellar/icarus-verilog/11.0/lib/ivl/v2009.vpi";
S_0x11f8041e0 .scope package, "$unit" "$unit" 2 1;
 .timescale 0 0;
S_0x11f804360 .scope module, "StmMux_c" "StmMux_c" 3 1;
 .timescale 0 0;
    .port_info 0 /INPUT 1 "rs2_i";
    .port_info 1 /INPUT 1 "rd_i";
    .port_info 2 /INPUT 1 "sel";
    .port_info 3 /OUTPUT 1 "rs2_o";
o0x1100080d0 .functor BUFZ 1, C4<z>; HiZ drive
L_0x11f8148f0 .functor NOT 1, o0x1100080d0, C4<0>, C4<0>, C4<0>;
v0x11f804540_0 .net *"_ivl_0", 0 0, L_0x11f8148f0;  1 drivers
o0x110008040 .functor BUFZ 1, C4<z>; HiZ drive
v0x11f814600_0 .net "rd_i", 0 0, o0x110008040;  0 drivers
o0x110008070 .functor BUFZ 1, C4<z>; HiZ drive
v0x11f8146a0_0 .net "rs2_i", 0 0, o0x110008070;  0 drivers
v0x11f814730_0 .net "rs2_o", 0 0, L_0x11f814990;  1 drivers
v0x11f8147d0_0 .net "sel", 0 0, o0x1100080d0;  0 drivers
L_0x11f814990 .functor MUXZ 1, o0x110008040, o0x110008070, L_0x11f8148f0, C4<>;
# The file index is used to find the file name in the following table.
:file_names 4;
    "N/A";
    "<interactive>";
    "-";
    "StmMux_c.sv";
